#
# There is insufficient memory for the Java Runtime Environment to continue.
# Native memory allocation (mmap) failed to map 534773760 bytes for Failed to commit area from 0x0000000602600000 to 0x0000000622400000 of length 534773760.
# Possible reasons:
#   The system is out of physical RAM or swap space
#   The process is running with CompressedOops enabled, and the Java Heap may be blocking the growth of the native heap
# Possible solutions:
#   Reduce memory load on the system
#   Increase physical memory or swap space
#   Check if swap backing store is full
#   Decrease Java heap size (-Xmx/-Xms)
#   Decrease number of Java threads
#   Decrease Java thread stack sizes (-Xss)
#   Set larger code cache with -XX:ReservedCodeCacheSize=
#   JVM is running with Zero Based Compressed Oops mode in which the Java heap is
#     placed in the first 32GB address space. The Java Heap base address is the
#     maximum limit for the native heap growth. Please use -XX:HeapBaseMinAddress
#     to set the Java Heap base and to place the Java Heap above 32GB virtual address.
# This output file may be truncated or incomplete.
#
#  Out of Memory Error (./open/src/hotspot/os/windows/os_windows.cpp:3315), pid=11452, tid=7660
#
# JRE version:  (14.0.1+7) (build )
# Java VM: OpenJDK 64-Bit Server VM (14.0.1+7, mixed mode, sharing, tiered, compressed oops, g1 gc, windows-amd64)
# No core dump will be written. Minidumps are not enabled by default on client versions of Windows
#

---------------  S U M M A R Y ------------

Command Line: -Dfile.encoding=Cp1252 LibrarySim

Host: Intel(R) Core(TM) i7-9750H CPU @ 2.60GHz, 12 cores, 31G,  Windows 10 , 64 bit Build 19041 (10.0.19041.292)
Time: Thu Aug  6 16:33:54 2020 Eastern Daylight Time elapsed time: 0 seconds (0d 0h 0m 0s)

---------------  T H R E A D  ---------------

Current thread (0x0000023766cf6800):  JavaThread "Unknown thread" [_thread_in_vm, id=7660, stack(0x0000009784300000,0x0000009784400000)]

Stack: [0x0000009784300000,0x0000009784400000]
Native frames: (J=compiled Java code, j=interpreted, Vv=VM code, C=native code)
V  [jvm.dll+0x5f840a]
V  [jvm.dll+0x741e4a]
V  [jvm.dll+0x7435ff]
V  [jvm.dll+0x743c43]
V  [jvm.dll+0x20d288]
V  [jvm.dll+0x5f57ba]
V  [jvm.dll+0x5ea615]
V  [jvm.dll+0x2c7e9c]
V  [jvm.dll+0x2c7cd2]
V  [jvm.dll+0x2cdbbc]
V  [jvm.dll+0x313ff8]
V  [jvm.dll+0x313720]
V  [jvm.dll+0x2a092a]
V  [jvm.dll+0x2a1a79]
V  [jvm.dll+0x71f718]
V  [jvm.dll+0x321c44]
V  [jvm.dll+0x700b0c]
V  [jvm.dll+0x392dff]
V  [jvm.dll+0x394e71]
C  [jli.dll+0x523b]
C  [ucrtbase.dll+0x21542]
C  [KERNEL32.DLL+0x16fd4]
C  [ntdll.dll+0x4cec1]


---------------  P R O C E S S  ---------------

Threads class SMR info:
_java_thread_list=0x00007ffade003078, length=0, elements={
}

Java Threads: ( => current thread )

Other Threads:
  0x0000023766d7c000 GCTaskThread "GC Thread#0" [stack: 0x0000009784400000,0x0000009784500000] [id=3480]
  0x0000023766d9f000 ConcurrentGCThread "G1 Main Marker" [stack: 0x0000009784500000,0x0000009784600000] [id=14664]
  0x0000023766da0000 ConcurrentGCThread "G1 Conc#0" [stack: 0x0000009784600000,0x0000009784700000] [id=13092]

[error occurred during error reporting (printing all threads), id 0xc0000005, EXCEPTION_ACCESS_VIOLATION (0xc0000005) at pc=0x00007ffadd831257]

VM state:not at safepoint (not fully initialized)

VM Mutex/Monitor currently owned by a thread:  ([mutex/lock_event])
[0x0000023764abbe90] Heap_lock - owner thread: 0x0000023766cf6800

Heap address: 0x0000000602600000, size: 8154 MB, Compressed Oops mode: Zero based, Oop shift amount: 3
Narrow klass base: 0x0000000000000000, Narrow klass shift: 0

GC Heap History (0 events):
No events

Deoptimization events (0 events):
No events

Classes unloaded (0 events):
No events

Classes redefined (0 events):
No events

Internal exceptions (0 events):
No events

Events (2 events):
Event: 0.009 Loaded shared library C:\jdk-14.0.1\bin\java.dll
Event: 0.010 Loaded shared library C:\jdk-14.0.1\bin\zip.dll


Dynamic libraries:
0x00007ff661f00000 - 0x00007ff661f0d000 	C:\jdk-14.0.1\bin\javaw.exe
0x00007ffb27d70000 - 0x00007ffb27f64000 	C:\WINDOWS\SYSTEM32\ntdll.dll
0x00007ffb26be0000 - 0x00007ffb26c9d000 	C:\WINDOWS\System32\KERNEL32.DLL
0x00007ffb25ae0000 - 0x00007ffb25da7000 	C:\WINDOWS\System32\KERNELBASE.dll
0x00007ffb25540000 - 0x00007ffb25640000 	C:\WINDOWS\System32\ucrtbase.dll
0x00007ffb1c7d0000 - 0x00007ffb1c7e5000 	C:\jdk-14.0.1\bin\VCRUNTIME140.dll
0x00007ffb21070000 - 0x00007ffb21088000 	C:\jdk-14.0.1\bin\jli.dll
0x00007ffb275a0000 - 0x00007ffb27740000 	C:\WINDOWS\System32\USER32.dll
0x00007ffb0c090000 - 0x00007ffb0c32a000 	C:\WINDOWS\WinSxS\amd64_microsoft.windows.common-controls_6595b64144ccf1df_6.0.19041.1_none_b555e41d4684ddec\COMCTL32.dll
0x00007ffb25510000 - 0x00007ffb25532000 	C:\WINDOWS\System32\win32u.dll
0x00007ffb26400000 - 0x00007ffb2649e000 	C:\WINDOWS\System32\msvcrt.dll
0x00007ffb273a0000 - 0x00007ffb273ca000 	C:\WINDOWS\System32\GDI32.dll
0x00007ffb258b0000 - 0x00007ffb259ba000 	C:\WINDOWS\System32\gdi32full.dll
0x00007ffb25a40000 - 0x00007ffb25add000 	C:\WINDOWS\System32\msvcp_win.dll
0x00007ffb27570000 - 0x00007ffb275a0000 	C:\WINDOWS\System32\IMM32.DLL
0x00007ffb14870000 - 0x00007ffb1490b000 	C:\jdk-14.0.1\bin\msvcp140.dll
0x00007ffadd580000 - 0x00007ffade09e000 	C:\jdk-14.0.1\bin\server\jvm.dll
0x00007ffb261a0000 - 0x00007ffb2624a000 	C:\WINDOWS\System32\ADVAPI32.dll
0x00007ffb279e0000 - 0x00007ffb27a7b000 	C:\WINDOWS\System32\sechost.dll
0x00007ffb27c00000 - 0x00007ffb27d23000 	C:\WINDOWS\System32\RPCRT4.dll
0x00007ffb27440000 - 0x00007ffb27448000 	C:\WINDOWS\System32\PSAPI.DLL
0x00007ffb1d820000 - 0x00007ffb1d82a000 	C:\WINDOWS\SYSTEM32\VERSION.dll
0x00007ffb10800000 - 0x00007ffb10827000 	C:\WINDOWS\SYSTEM32\WINMM.dll
0x00007ffb21000000 - 0x00007ffb21009000 	C:\WINDOWS\SYSTEM32\WSOCK32.dll
0x00007ffb27a80000 - 0x00007ffb27aeb000 	C:\WINDOWS\System32\WS2_32.dll
0x00007ffb23450000 - 0x00007ffb23463000 	C:\WINDOWS\SYSTEM32\kernel.appcore.dll
0x00007ffb20ff0000 - 0x00007ffb20ffa000 	C:\jdk-14.0.1\bin\jimage.dll
0x00007ffb12f70000 - 0x00007ffb13154000 	C:\WINDOWS\SYSTEM32\DBGHELP.DLL
0x00007ffb12f10000 - 0x00007ffb12f3c000 	C:\WINDOWS\SYSTEM32\dbgcore.DLL
0x00007ffb259c0000 - 0x00007ffb25a3f000 	C:\WINDOWS\System32\bcryptPrimitives.dll
0x00007ffb15760000 - 0x00007ffb15785000 	C:\jdk-14.0.1\bin\java.dll
0x00007ffb1c760000 - 0x00007ffb1c776000 	C:\jdk-14.0.1\bin\zip.dll

dbghelp: loaded successfully - version: 4.0.5 - missing functions: none
symbol engine: initialized successfully - sym options: 0x614 - pdb path: .;C:\jdk-14.0.1\bin;C:\WINDOWS\SYSTEM32;C:\WINDOWS\WinSxS\amd64_microsoft.windows.common-controls_6595b64144ccf1df_6.0.19041.1_none_b555e41d4684ddec;C:\jdk-14.0.1\bin\server

VM Arguments:
jvm_args: -Dfile.encoding=Cp1252 
java_command: LibrarySim
java_class_path (initial): C:\Users\1904u\eclipse-workspace\Midterm\bin
Launcher Type: SUN_STANDARD

[Global flags]
     intx CICompilerCount                          = 4                                         {product} {ergonomic}
     uint ConcGCThreads                            = 3                                         {product} {ergonomic}
     uint G1ConcRefinementThreads                  = 10                                        {product} {ergonomic}
   size_t G1HeapRegionSize                         = 2097152                                   {product} {ergonomic}
    uintx GCDrainStackTargetSize                   = 64                                        {product} {ergonomic}
   size_t InitialHeapSize                          = 534773760                                 {product} {ergonomic}
   size_t MarkStackSize                            = 4194304                                   {product} {ergonomic}
   size_t MaxHeapSize                              = 8550088704                                {product} {ergonomic}
   size_t MinHeapDeltaBytes                        = 2097152                                   {product} {ergonomic}
   size_t MinHeapSize                              = 8388608                                   {product} {ergonomic}
    uintx NonNMethodCodeHeapSize                   = 5839372                                {pd product} {ergonomic}
    uintx NonProfiledCodeHeapSize                  = 122909434                              {pd product} {ergonomic}
    uintx ProfiledCodeHeapSize                     = 122909434                              {pd product} {ergonomic}
    uintx ReservedCodeCacheSize                    = 251658240                              {pd product} {ergonomic}
     bool SegmentedCodeCache                       = true                                      {product} {ergonomic}
   size_t SoftMaxHeapSize                          = 8550088704                             {manageable} {ergonomic}
     bool UseCompressedClassPointers               = true                                 {lp64_product} {ergonomic}
     bool UseCompressedOops                        = true                                 {lp64_product} {ergonomic}
     bool UseG1GC                                  = true                                      {product} {ergonomic}
     bool UseLargePagesIndividualAllocation        = false                                  {pd product} {ergonomic}

Logging:
Log output configuration:
 #0: stdout all=warning uptime,level,tags
 #1: stderr all=off uptime,level,tags

Environment Variables:
JAVA_HOME=C:\jdk-14.0.1
PATH=C:/jdk-14.0.1/bin/server;C:/jdk-14.0.1/bin;C:\Program Files (x86)\Razer Chroma SDK\bin;C:\Program Files\Razer Chroma SDK\bin;C:\Program Files (x86)\Razer\ChromaBroadcast\bin;C:\Program Files\Razer\ChromaBroadcast\bin;C:\Windows\system32;C:\Windows;C:\Windows\System32\Wbem;C:\Windows\System32\WindowsPowerShell\v1.0\;C:\Windows\System32\OpenSSH\;C:\Program Files (x86)\Intel\Intel(R) Management Engine Components\DAL;C:\Program Files\Intel\Intel(R) Management Engine Components\DAL;C:\Program Files (x86)\NVIDIA Corporation\PhysX\Common;C:\WINDOWS\system32;C:\WINDOWS;C:\WINDOWS\System32\Wbem;C:\WINDOWS\System32\WindowsPowerShell\v1.0\;C:\WINDOWS\System32\OpenSSH\;C:\Program Files\dotnet\;C:\Users\1904u\AppData\Local\Microsoft\WindowsApps;C:\Users\1904u\.dotnet\tools;C:\WINDOWS\system32;C:\WINDOWS;C:\WINDOWS\System32\Wbem;C:\WINDOWS\System32\WindowsPowerShell\v1.0\;C:\WINDOWS\System32\OpenSSH\;C:\jdk-14.0.1\bin;C:\Program Files\Git\cmd;C:\WINDOWS\system32\config\systemprofile\AppData\Local\Microsoft\WindowsApps;C:\Users\1904u\AppData\Local\Microsoft\WindowsApps;;C:\Users\1904u\Desktop;
USERNAME=1904u
OS=Windows_NT
PROCESSOR_IDENTIFIER=Intel64 Family 6 Model 158 Stepping 10, GenuineIntel



---------------  S Y S T E M  ---------------

OS: Windows 10 , 64 bit Build 19041 (10.0.19041.292)
OS uptime: 1 days 7:34 hours

CPU:total 12 (initial active 12) (6 cores per cpu, 2 threads per core) family 6 model 158 stepping 10, cmov, cx8, fxsr, mmx, sse, sse2, sse3, ssse3, sse4.1, sse4.2, popcnt, avx, avx2, aes, clmul, erms, 3dnowpref, lzcnt, ht, tsc, tscinvbit, bmi1, bmi2, adx, fma

Memory: 4k page, system-wide physical 32610M (20347M free)
TotalPageFile size 62882M (AvailPageFile size 279M)
current process WorkingSet (physical memory assigned to process): 10M, peak: 10M
current process commit charge ("private bytes"): 65M, peak: 575M

vm_info: OpenJDK 64-Bit Server VM (14.0.1+7) for windows-amd64 JRE (14.0.1+7), built on Mar  5 2020 10:30:04 by "mach5one" with MS VC++ 15.9 (VS2017)

END.
